\BOOKMARK [0][-]{part.1}{\376\377\000I\000\040\000E\000s\000p\000a\000c\000e\000\040\000d\000e\000s\000\040\000f\000o\000n\000c\000t\000i\000o\000n\000s\000\040\000c\000o\000n\000t\000i\000n\000u\000e\000s\000\040\000s\000u\000r\000\040\000u\000n\000\040\000c\000o\000m\000p\000a\000c\000t}{}% 1
\BOOKMARK [1][-]{section*.1}{\376\377\0003\000\040\000n\000o\000t\000i\000o\000n\000s\000\040\000i\000m\000p\000o\000r\000t\000a\000n\000t\000e\000s}{part.1}% 2
\BOOKMARK [2][-]{section*.2}{\376\377\000T\000h\000\351\000o\000r\000\350\000m\000e\000\040\000d\000e\000\040\000D\000i\000n\000i}{section*.1}% 3
\BOOKMARK [2][-]{section*.3}{\376\377\000T\000h\000\351\000o\000r\000\350\000m\000e\000\050\000s\000\051\000\040\000d\000e\000\040\000S\000t\000o\000n\000e\000-\000W\000e\000i\000e\000r\000s\000t\000r\000a\000\337}{section*.1}% 4
\BOOKMARK [2][-]{section*.4}{\376\377\000E\000s\000p\000a\000c\000e\000s\000\040\000s\000\351\000p\000a\000r\000a\000b\000l\000e\000s}{section*.1}% 5
\BOOKMARK [2][-]{section*.5}{\376\377\000T\000h\000\351\000o\000r\000\350\000m\000e\000\040\000d\000'\000A\000s\000c\000o\000l\000i}{section*.1}% 6
\BOOKMARK [0][-]{part.2}{\376\377\000I\000I\000\040\000T\000h\000\351\000o\000r\000\350\000m\000e\000s\000\040\000f\000o\000n\000d\000a\000m\000e\000n\000t\000a\000u\000x\000\040\000d\000e\000\040\000l\000'\000a\000n\000a\000l\000y\000s\000e\000\040\000f\000o\000n\000c\000t\000i\000o\000n\000n\000e\000l\000l\000e}{}% 7
\BOOKMARK [1][-]{section*.6}{\376\377\000T\000h\000\351\000o\000r\000\350\000m\000e\000\040\000d\000e\000\040\000B\000a\000i\000r\000e}{part.2}% 8
\BOOKMARK [2][-]{section*.7}{\376\377\000Q\000u\000e\000l\000q\000u\000e\000s\000\040\000r\000a\000p\000p\000e\000l\000s\000\040\000s\000u\000r\000\040\000l\000e\000s\000\040\000a\000p\000p\000l\000i\000c\000a\000t\000i\000o\000n\000s\000\040\000l\000i\000n\000\351\000a\000i\000r\000e\000s\000\040\000c\000o\000n\000t\000i\000n\000u\000e\000s}{section*.6}% 9
\BOOKMARK [2][-]{section*.8}{\376\377\000T\000h\000\351\000o\000r\000\350\000m\000e\000\040\000d\000u\000\040\000g\000r\000a\000p\000h\000e\000\040\000f\000e\000r\000m\000\351}{section*.6}% 10
\BOOKMARK [2][-]{section*.9}{\376\377\000T\000h\000\351\000o\000r\000\350\000m\000e\000\040\000d\000e\000\040\000H\000a\000h\000n\000-\000B\000a\000n\000a\000c\000h}{section*.6}% 11
\BOOKMARK [0][-]{part.3}{\376\377\000I\000I\000I\000\040\000E\000s\000p\000a\000c\000e\000s\000\040\000d\000e\000\040\000H\000i\000l\000b\000e\000r\000t}{}% 12
\BOOKMARK [1][-]{section*.10}{\376\377\000R\000a\000p\000p\000e\000l\000s\000\040\000s\000u\000r\000\040\000l\000e\000s\000\040\000e\000s\000p\000a\000c\000e\000s\000\040\000p\000r\000\351\000h\000i\000l\000b\000e\000r\000t\000i\000e\000n\000s}{part.3}% 13
\BOOKMARK [2][-]{section*.11}{\376\377\000S\000y\000s\000t\000\350\000m\000e\000\040\000o\000r\000t\000h\000o\000n\000o\000r\000m\000\351}{section*.10}% 14
\BOOKMARK [2][-]{section*.12}{\376\377\000E\000s\000p\000a\000c\000e\000\040\000d\000e\000\040\000H\000i\000l\000b\000e\000r\000t}{section*.10}% 15
\BOOKMARK [2][-]{section*.13}{\376\377\000B\000a\000s\000e\000\040\000d\000e\000\040\000H\000i\000l\000b\000e\000r\000t}{section*.10}% 16
\BOOKMARK [2][-]{section*.14}{\376\377\000D\000u\000a\000l\000i\000t\000\351\000\040\000e\000t\000\040\000t\000h\000\351\000o\000r\000\350\000m\000e\000\040\000d\000e\000\040\000R\000i\000e\000s\000z}{section*.10}% 17
\BOOKMARK [0][-]{part.4}{\376\377\000I\000V\000\040\000E\000s\000p\000a\000c\000e\000s\000\040\000L\000p\000\040\000e\000t\000\040\000L\000p}{}% 18
\BOOKMARK [1][-]{section*.15}{\376\377\000L\000e\000s\000\040\000t\000h\000\351\000o\000r\000\350\000m\000e\000\040\000d\000e\000\040\000c\000o\000n\000v\000e\000r\000g\000e\000n\000c\000e\000\040\000/\000\040\000c\000o\000n\000t\000i\000n\000u\000i\000t\000\351\000\040}{part.4}% 19
\BOOKMARK [2][-]{section*.16}{\376\377\000E\000s\000p\000a\000c\000e\000s\000\040\000L\000p\000,\000\040\000i\000n\000\351\000g\000a\000l\000i\000t\000\351\000s\000\040\000d\000e\000\040\000H\000\366\000l\000d\000e\000r\000\040\000e\000t\000\040\000M\000i\000n\000k\000o\000w\000s\000k\000i}{section*.15}% 20
\BOOKMARK [2][-]{section*.17}{\376\377\000T\000h\000\351\000o\000r\000\350\000m\000e\000\040\000d\000e\000\040\000R\000i\000e\000s\000z\000-\000F\000i\000s\000c\000h\000e\000r\000,\000\040\000e\000s\000p\000a\000c\000e\000s\000\040\000L\000p}{section*.15}% 21
\BOOKMARK [2][-]{section*.18}{\376\377\000T\000h\000\351\000o\000r\000\350\000m\000e\000s\000\040\000d\000e\000\040\000d\000e\000n\000s\000i\000t\000\351}{section*.15}% 22
\BOOKMARK [0][-]{part.5}{\376\377\000V\000\040\000C\000o\000n\000v\000o\000l\000u\000t\000i\000o\000n\000\040\000e\000t\000\040\000t\000r\000a\000n\000f\000o\000r\000m\000\351\000e\000\040\000d\000e\000\040\000F\000o\000u\000r\000i\000e\000r}{}% 23
\BOOKMARK [1][-]{section*.19}{\376\377\000P\000r\000o\000d\000u\000i\000t\000\040\000d\000e\000\040\000c\000o\000n\000v\000o\000l\000u\000t\000i\000o\000n}{part.5}% 24
\BOOKMARK [2][-]{section*.20}{\376\377\000A\000p\000p\000r\000o\000x\000i\000m\000a\000t\000i\000o\000n\000s\000\040\000d\000e\000\040\000l\000'\000u\000n\000i\000t\000\351}{section*.19}% 25
\BOOKMARK [2][-]{section*.21}{\376\377\000T\000r\000a\000n\000s\000f\000o\000r\000m\000a\000t\000i\000o\000n\000\040\000d\000e\000\040\000F\000o\000u\000r\000i\000e\000r\000\040\000d\000a\000n\000s\000\040\000L\0001}{section*.19}% 26
\BOOKMARK [2][-]{section*.22}{\376\377\000T\000r\000a\000n\000s\000f\000o\000r\000m\000a\000t\000i\000o\000n\000\040\000d\000e\000\040\000F\000o\000u\000r\000i\000e\000r\000\040\000d\000a\000n\000s\000\040\000L\0002}{section*.19}% 27
